2024-06-23 13:09:32,145 [Worker-5: Loading available Gradle versions] INFO  o.e.b.c.i.u.g.PublishedGradleVersions - Gradle version information cache is up-to-date. Trying to read.
2024-06-23 13:11:56,933 [Worker-1: Import Getting Started Content] INFO  o.e.m.c.i.l.LifecycleMappingFactory - Using org.maven.ide.eclipse.wtp.WarLifecycleMapping lifecycle mapping for MavenProject: com.example:helloHuman:0.0.1-SNAPSHOT @ C:\Users\Farhoud\Desktop\JAVA\Assignments\Hello_Human\helloHuman\pom.xml.
2024-06-23 13:11:58,999 [Worker-1: Import Getting Started Content] INFO  o.e.m.j.i.AbstractJavaProjectConfigurator - Adding source folder /helloHuman/src/main/java
2024-06-23 13:11:59,002 [Worker-1: Import Getting Started Content] INFO  o.e.m.j.i.AbstractJavaProjectConfigurator - Adding resource folder /helloHuman/src/main/resources
2024-06-23 13:11:59,010 [Worker-1: Import Getting Started Content] INFO  o.e.m.j.i.AbstractJavaProjectConfigurator - Adding resource folder /helloHuman/src/main/resources
2024-06-23 13:11:59,018 [Worker-1: Import Getting Started Content] INFO  o.e.m.j.i.AbstractJavaProjectConfigurator - Adding source folder /helloHuman/src/test/java
2024-06-23 13:11:59,020 [Worker-1: Import Getting Started Content] INFO  o.e.m.j.i.AbstractJavaProjectConfigurator - Adding resource folder /helloHuman/src/test/resources
2024-06-23 13:12:02,094 [Worker-1: Import Getting Started Content] INFO  o.e.m.c.i.p.ProjectConfigurationManager - Imported and configured 1 project(s) in 8 sec
2024-06-23 13:12:02,101 [Worker-1: Import Getting Started Content] INFO  o.e.m.c.i.p.ProjectConfigurationManager - Update started
2024-06-23 13:12:03,371 [Worker-1: Import Getting Started Content] INFO  o.e.m.c.i.l.LifecycleMappingFactory - Using org.maven.ide.eclipse.wtp.WarLifecycleMapping lifecycle mapping for MavenProject: com.example:helloHuman:0.0.1-SNAPSHOT @ C:\Users\Farhoud\Desktop\JAVA\Assignments\Hello_Human\helloHuman\pom.xml.
2024-06-23 13:12:05,039 [Worker-1: Import Getting Started Content] INFO  o.e.m.j.i.AbstractJavaProjectConfigurator - Adding source folder /helloHuman/src/main/java
2024-06-23 13:12:05,042 [Worker-1: Import Getting Started Content] INFO  o.e.m.j.i.AbstractJavaProjectConfigurator - Adding resource folder /helloHuman/src/main/resources
2024-06-23 13:12:05,044 [Worker-1: Import Getting Started Content] INFO  o.e.m.j.i.AbstractJavaProjectConfigurator - Adding resource folder /helloHuman/src/main/resources
2024-06-23 13:12:05,046 [Worker-1: Import Getting Started Content] INFO  o.e.m.j.i.AbstractJavaProjectConfigurator - Adding source folder /helloHuman/src/test/java
2024-06-23 13:12:05,048 [Worker-1: Import Getting Started Content] INFO  o.e.m.j.i.AbstractJavaProjectConfigurator - Adding resource folder /helloHuman/src/test/resources
2024-06-23 13:12:06,538 [Worker-1: Import Getting Started Content] INFO  o.e.m.w.i.f.ResourceFilteringBuildParticipant - Cleaning filtered folder for helloHuman
2024-06-23 13:12:06,589 [Worker-1: Import Getting Started Content] INFO  o.e.m.c.i.p.ProjectConfigurationManager - Update completed for 1 poms: local refresh takes 0.00 sec, refresh facades takes 2.00 sec, update config takes 1.00 sec 
2024-06-23 13:12:08,363 [Worker-7: Building] INFO  o.a.m.s.f.DefaultMavenResourcesFiltering - Copying 1 resource from src\main\resources to target\classes
2024-06-23 13:12:08,393 [Worker-7: Building] INFO  o.a.m.s.f.DefaultMavenResourcesFiltering - Copying 0 resource from src\main\resources to target\classes
2024-06-23 13:12:08,401 [Worker-7: Building] INFO  o.a.m.s.f.DefaultMavenResourcesFiltering - skip non existing resourceDirectory C:\Users\Farhoud\Desktop\JAVA\Assignments\Hello_Human\helloHuman\src\test\resources
2024-06-23 13:12:08,402 [Worker-7: Building] INFO  o.e.m.w.i.f.ResourceFilteringBuildParticipant - Changed resources require a complete clean of filtered resources of helloHuman
2024-06-23 13:12:08,404 [Worker-7: Building] INFO  o.e.m.w.i.f.ResourceFilteringBuildParticipant - Executing resource filtering for helloHuman
2024-06-23 13:12:42,678 [Worker-11: Building] INFO  o.a.m.s.f.DefaultMavenResourcesFiltering - Copying 1 resource from src\main\resources to target\classes
2024-06-23 13:12:42,707 [Worker-11: Building] INFO  o.a.m.s.f.DefaultMavenResourcesFiltering - Copying 0 resource from src\main\resources to target\classes
2024-06-23 13:12:42,714 [Worker-11: Building] INFO  o.a.m.s.f.DefaultMavenResourcesFiltering - skip non existing resourceDirectory C:\Users\Farhoud\Desktop\JAVA\Assignments\Hello_Human\helloHuman\src\test\resources
2024-06-23 13:14:19,136 [Worker-5: Launching helloHuman - HelloHumanApplication] INFO  o.a.m.s.f.DefaultMavenResourcesFiltering - Copying 1 resource from src\main\resources to target\classes
2024-06-23 13:14:19,146 [Worker-5: Launching helloHuman - HelloHumanApplication] INFO  o.a.m.s.f.DefaultMavenResourcesFiltering - Copying 0 resource from src\main\resources to target\classes
2024-06-23 13:14:19,151 [Worker-5: Launching helloHuman - HelloHumanApplication] INFO  o.a.m.s.f.DefaultMavenResourcesFiltering - skip non existing resourceDirectory C:\Users\Farhoud\Desktop\JAVA\Assignments\Hello_Human\helloHuman\src\test\resources
2024-06-23 13:18:48,514 [Worker-16: Launching helloHuman - HelloHumanApplication] INFO  o.a.m.s.f.DefaultMavenResourcesFiltering - Copying 1 resource from src\main\resources to target\classes
2024-06-23 13:18:48,539 [Worker-16: Launching helloHuman - HelloHumanApplication] INFO  o.a.m.s.f.DefaultMavenResourcesFiltering - Copying 0 resource from src\main\resources to target\classes
2024-06-23 13:18:48,547 [Worker-16: Launching helloHuman - HelloHumanApplication] INFO  o.a.m.s.f.DefaultMavenResourcesFiltering - skip non existing resourceDirectory C:\Users\Farhoud\Desktop\JAVA\Assignments\Hello_Human\helloHuman\src\test\resources
2024-06-23 13:19:41,315 [Worker-11: Launching helloHuman - HelloHumanApplication] INFO  o.a.m.s.f.DefaultMavenResourcesFiltering - Copying 1 resource from src\main\resources to target\classes
2024-06-23 13:19:41,322 [Worker-11: Launching helloHuman - HelloHumanApplication] INFO  o.a.m.s.f.DefaultMavenResourcesFiltering - Copying 0 resource from src\main\resources to target\classes
2024-06-23 13:19:41,326 [Worker-11: Launching helloHuman - HelloHumanApplication] INFO  o.a.m.s.f.DefaultMavenResourcesFiltering - skip non existing resourceDirectory C:\Users\Farhoud\Desktop\JAVA\Assignments\Hello_Human\helloHuman\src\test\resources
2024-06-23 13:20:35,647 [Worker-17: Launching helloHuman - HelloHumanApplication] INFO  o.a.m.s.f.DefaultMavenResourcesFiltering - Copying 1 resource from src\main\resources to target\classes
2024-06-23 13:20:35,655 [Worker-17: Launching helloHuman - HelloHumanApplication] INFO  o.a.m.s.f.DefaultMavenResourcesFiltering - Copying 0 resource from src\main\resources to target\classes
2024-06-23 13:20:35,660 [Worker-17: Launching helloHuman - HelloHumanApplication] INFO  o.a.m.s.f.DefaultMavenResourcesFiltering - skip non existing resourceDirectory C:\Users\Farhoud\Desktop\JAVA\Assignments\Hello_Human\helloHuman\src\test\resources
2024-06-23 13:22:12,071 [Worker-11: Building] INFO  o.a.m.s.f.DefaultMavenResourcesFiltering - Copying 1 resource from src\main\resources to target\classes
2024-06-23 13:22:12,079 [Worker-11: Building] INFO  o.a.m.s.f.DefaultMavenResourcesFiltering - Copying 0 resource from src\main\resources to target\classes
2024-06-23 13:22:12,084 [Worker-11: Building] INFO  o.a.m.s.f.DefaultMavenResourcesFiltering - skip non existing resourceDirectory C:\Users\Farhoud\Desktop\JAVA\Assignments\Hello_Human\helloHuman\src\test\resources
2024-06-23 13:25:33,740 [Worker-18: Launching helloHuman - HelloHumanApplication] INFO  o.a.m.s.f.DefaultMavenResourcesFiltering - Copying 1 resource from src\main\resources to target\classes
2024-06-23 13:25:33,760 [Worker-18: Launching helloHuman - HelloHumanApplication] INFO  o.a.m.s.f.DefaultMavenResourcesFiltering - Copying 0 resource from src\main\resources to target\classes
2024-06-23 13:25:33,770 [Worker-18: Launching helloHuman - HelloHumanApplication] INFO  o.a.m.s.f.DefaultMavenResourcesFiltering - skip non existing resourceDirectory C:\Users\Farhoud\Desktop\JAVA\Assignments\Hello_Human\helloHuman\src\test\resources
2024-06-23 13:26:26,328 [Worker-2: Launching helloHuman - HelloHumanApplication] INFO  o.a.m.s.f.DefaultMavenResourcesFiltering - Copying 1 resource from src\main\resources to target\classes
2024-06-23 13:26:26,334 [Worker-2: Launching helloHuman - HelloHumanApplication] INFO  o.a.m.s.f.DefaultMavenResourcesFiltering - Copying 0 resource from src\main\resources to target\classes
2024-06-23 13:26:26,342 [Worker-2: Launching helloHuman - HelloHumanApplication] INFO  o.a.m.s.f.DefaultMavenResourcesFiltering - skip non existing resourceDirectory C:\Users\Farhoud\Desktop\JAVA\Assignments\Hello_Human\helloHuman\src\test\resources
2024-06-23 13:28:09,665 [Worker-19: Building] INFO  o.a.m.s.f.DefaultMavenResourcesFiltering - Copying 1 resource from src\main\resources to target\classes
2024-06-23 13:28:09,673 [Worker-19: Building] INFO  o.a.m.s.f.DefaultMavenResourcesFiltering - Copying 0 resource from src\main\resources to target\classes
2024-06-23 13:28:09,679 [Worker-19: Building] INFO  o.a.m.s.f.DefaultMavenResourcesFiltering - skip non existing resourceDirectory C:\Users\Farhoud\Desktop\JAVA\Assignments\Hello_Human\helloHuman\src\test\resources
2024-06-23 13:28:47,372 [Worker-22: Launching helloHuman - HelloHumanApplication] INFO  o.a.m.s.f.DefaultMavenResourcesFiltering - Copying 1 resource from src\main\resources to target\classes
2024-06-23 13:28:47,380 [Worker-22: Launching helloHuman - HelloHumanApplication] INFO  o.a.m.s.f.DefaultMavenResourcesFiltering - Copying 0 resource from src\main\resources to target\classes
2024-06-23 13:28:47,384 [Worker-22: Launching helloHuman - HelloHumanApplication] INFO  o.a.m.s.f.DefaultMavenResourcesFiltering - skip non existing resourceDirectory C:\Users\Farhoud\Desktop\JAVA\Assignments\Hello_Human\helloHuman\src\test\resources
2024-06-23 13:31:51,698 [Worker-20: Launching helloHuman - HelloHumanApplication] INFO  o.a.m.s.f.DefaultMavenResourcesFiltering - Copying 1 resource from src\main\resources to target\classes
2024-06-23 13:31:51,714 [Worker-20: Launching helloHuman - HelloHumanApplication] INFO  o.a.m.s.f.DefaultMavenResourcesFiltering - Copying 0 resource from src\main\resources to target\classes
2024-06-23 13:31:51,721 [Worker-20: Launching helloHuman - HelloHumanApplication] INFO  o.a.m.s.f.DefaultMavenResourcesFiltering - skip non existing resourceDirectory C:\Users\Farhoud\Desktop\JAVA\Assignments\Hello_Human\helloHuman\src\test\resources
2024-06-23 13:32:48,915 [Worker-20: Launching helloHuman - HelloHumanApplication] INFO  o.a.m.s.f.DefaultMavenResourcesFiltering - Copying 1 resource from src\main\resources to target\classes
2024-06-23 13:32:48,921 [Worker-20: Launching helloHuman - HelloHumanApplication] INFO  o.a.m.s.f.DefaultMavenResourcesFiltering - Copying 0 resource from src\main\resources to target\classes
2024-06-23 13:32:48,926 [Worker-20: Launching helloHuman - HelloHumanApplication] INFO  o.a.m.s.f.DefaultMavenResourcesFiltering - skip non existing resourceDirectory C:\Users\Farhoud\Desktop\JAVA\Assignments\Hello_Human\helloHuman\src\test\resources
2024-06-23 13:35:59,295 [Worker-23: Launching helloHuman - HelloHumanApplication] INFO  o.a.m.s.f.DefaultMavenResourcesFiltering - Copying 1 resource from src\main\resources to target\classes
2024-06-23 13:35:59,306 [Worker-23: Launching helloHuman - HelloHumanApplication] INFO  o.a.m.s.f.DefaultMavenResourcesFiltering - Copying 0 resource from src\main\resources to target\classes
2024-06-23 13:35:59,311 [Worker-23: Launching helloHuman - HelloHumanApplication] INFO  o.a.m.s.f.DefaultMavenResourcesFiltering - skip non existing resourceDirectory C:\Users\Farhoud\Desktop\JAVA\Assignments\Hello_Human\helloHuman\src\test\resources
2024-06-23 13:36:49,676 [Worker-26: Building] INFO  o.a.m.s.f.DefaultMavenResourcesFiltering - Copying 1 resource from src\main\resources to target\classes
2024-06-23 13:36:49,684 [Worker-26: Building] INFO  o.a.m.s.f.DefaultMavenResourcesFiltering - Copying 0 resource from src\main\resources to target\classes
2024-06-23 13:36:49,687 [Worker-26: Building] INFO  o.a.m.s.f.DefaultMavenResourcesFiltering - skip non existing resourceDirectory C:\Users\Farhoud\Desktop\JAVA\Assignments\Hello_Human\helloHuman\src\test\resources
2024-06-23 13:37:11,236 [Worker-27: Building] INFO  o.a.m.s.f.DefaultMavenResourcesFiltering - Copying 1 resource from src\main\resources to target\classes
2024-06-23 13:37:11,244 [Worker-27: Building] INFO  o.a.m.s.f.DefaultMavenResourcesFiltering - Copying 0 resource from src\main\resources to target\classes
2024-06-23 13:37:11,247 [Worker-27: Building] INFO  o.a.m.s.f.DefaultMavenResourcesFiltering - skip non existing resourceDirectory C:\Users\Farhoud\Desktop\JAVA\Assignments\Hello_Human\helloHuman\src\test\resources
2024-06-23 13:44:26,371 [Worker-28: Building] INFO  o.e.m.c.i.l.LifecycleMappingFactory - Using org.maven.ide.eclipse.wtp.WarLifecycleMapping lifecycle mapping for MavenProject: com.example:Dai:0.0.1-SNAPSHOT @ C:\Users\Farhoud\Desktop\JAVA\Assignments\DaikichiRoutes\Dai\pom.xml.
2024-06-23 13:44:27,402 [Worker-28: Building] INFO  o.a.m.s.f.DefaultMavenResourcesFiltering - Copying 1 resource from src\main\resources to target\classes
2024-06-23 13:44:27,430 [Worker-28: Building] INFO  o.a.m.s.f.DefaultMavenResourcesFiltering - Copying 0 resource from src\main\resources to target\classes
2024-06-23 13:44:27,437 [Worker-28: Building] INFO  o.a.m.s.f.DefaultMavenResourcesFiltering - skip non existing resourceDirectory C:\Users\Farhoud\Desktop\JAVA\Assignments\DaikichiRoutes\Dai\src\test\resources
2024-06-23 13:44:28,708 [Worker-30: Building] INFO  o.a.m.s.f.DefaultMavenResourcesFiltering - Copying 1 resource from src\main\resources to target\classes
2024-06-23 13:44:28,710 [Worker-30: Building] INFO  o.a.m.s.f.DefaultMavenResourcesFiltering - Copying 0 resource from src\main\resources to target\classes
2024-06-23 13:44:28,713 [Worker-30: Building] INFO  o.a.m.s.f.DefaultMavenResourcesFiltering - skip non existing resourceDirectory C:\Users\Farhoud\Desktop\JAVA\Assignments\DaikichiRoutes\Dai\src\test\resources
2024-06-23 13:44:43,426 [Worker-31: Building] INFO  o.a.m.s.f.DefaultMavenResourcesFiltering - Copying 1 resource from src\main\resources to target\classes
2024-06-23 13:44:43,435 [Worker-31: Building] INFO  o.a.m.s.f.DefaultMavenResourcesFiltering - Copying 0 resource from src\main\resources to target\classes
2024-06-23 13:44:43,440 [Worker-31: Building] INFO  o.a.m.s.f.DefaultMavenResourcesFiltering - skip non existing resourceDirectory C:\Users\Farhoud\Desktop\JAVA\Assignments\Hello_Human\helloHuman\src\test\resources
2024-06-23 13:47:05,217 [Worker-31: Launching Dai - DaiApplication] INFO  o.a.m.s.f.DefaultMavenResourcesFiltering - Copying 1 resource from src\main\resources to target\classes
2024-06-23 13:47:05,242 [Worker-31: Launching Dai - DaiApplication] INFO  o.a.m.s.f.DefaultMavenResourcesFiltering - Copying 0 resource from src\main\resources to target\classes
2024-06-23 13:47:05,248 [Worker-31: Launching Dai - DaiApplication] INFO  o.a.m.s.f.DefaultMavenResourcesFiltering - skip non existing resourceDirectory C:\Users\Farhoud\Desktop\JAVA\Assignments\DaikichiRoutes\Dai\src\test\resources
2024-06-23 13:48:55,871 [Worker-37: Launching Dai - DaiApplication] INFO  o.a.m.s.f.DefaultMavenResourcesFiltering - Copying 1 resource from src\main\resources to target\classes
2024-06-23 13:48:55,879 [Worker-37: Launching Dai - DaiApplication] INFO  o.a.m.s.f.DefaultMavenResourcesFiltering - Copying 0 resource from src\main\resources to target\classes
2024-06-23 13:48:55,884 [Worker-37: Launching Dai - DaiApplication] INFO  o.a.m.s.f.DefaultMavenResourcesFiltering - skip non existing resourceDirectory C:\Users\Farhoud\Desktop\JAVA\Assignments\DaikichiRoutes\Dai\src\test\resources
2024-06-23 13:52:17,398 [Worker-44: Building] INFO  o.a.m.s.f.DefaultMavenResourcesFiltering - Copying 1 resource from src\main\resources to target\classes
2024-06-23 13:52:17,407 [Worker-44: Building] INFO  o.a.m.s.f.DefaultMavenResourcesFiltering - Copying 0 resource from src\main\resources to target\classes
2024-06-23 13:52:17,411 [Worker-44: Building] INFO  o.a.m.s.f.DefaultMavenResourcesFiltering - skip non existing resourceDirectory C:\Users\Farhoud\Desktop\JAVA\Assignments\DaikichiRoutes\Dai\src\test\resources
2024-06-23 13:55:41,330 [Worker-43: Building] INFO  o.a.m.s.f.DefaultMavenResourcesFiltering - Copying 1 resource from src\main\resources to target\classes
2024-06-23 13:55:41,339 [Worker-43: Building] INFO  o.a.m.s.f.DefaultMavenResourcesFiltering - Copying 0 resource from src\main\resources to target\classes
2024-06-23 13:55:41,346 [Worker-43: Building] INFO  o.a.m.s.f.DefaultMavenResourcesFiltering - skip non existing resourceDirectory C:\Users\Farhoud\Desktop\JAVA\Assignments\DaikichiRoutes\Dai\src\test\resources
2024-06-23 13:58:15,292 [Worker-43: Building] INFO  o.a.m.s.f.DefaultMavenResourcesFiltering - Copying 1 resource from src\main\resources to target\classes
2024-06-23 13:58:15,299 [Worker-43: Building] INFO  o.a.m.s.f.DefaultMavenResourcesFiltering - Copying 0 resource from src\main\resources to target\classes
2024-06-23 13:58:15,304 [Worker-43: Building] INFO  o.a.m.s.f.DefaultMavenResourcesFiltering - skip non existing resourceDirectory C:\Users\Farhoud\Desktop\JAVA\Assignments\DaikichiRoutes\Dai\src\test\resources
2024-06-23 14:00:46,091 [Worker-34: Building] INFO  o.a.m.s.f.DefaultMavenResourcesFiltering - Copying 1 resource from src\main\resources to target\classes
2024-06-23 14:00:46,101 [Worker-34: Building] INFO  o.a.m.s.f.DefaultMavenResourcesFiltering - Copying 0 resource from src\main\resources to target\classes
2024-06-23 14:00:46,108 [Worker-34: Building] INFO  o.a.m.s.f.DefaultMavenResourcesFiltering - skip non existing resourceDirectory C:\Users\Farhoud\Desktop\JAVA\Assignments\DaikichiRoutes\Dai\src\test\resources
2024-06-23 14:03:15,381 [Worker-47: Building] INFO  o.a.m.s.f.DefaultMavenResourcesFiltering - Copying 1 resource from src\main\resources to target\classes
2024-06-23 14:03:15,395 [Worker-47: Building] INFO  o.a.m.s.f.DefaultMavenResourcesFiltering - Copying 0 resource from src\main\resources to target\classes
2024-06-23 14:03:15,400 [Worker-47: Building] INFO  o.a.m.s.f.DefaultMavenResourcesFiltering - skip non existing resourceDirectory C:\Users\Farhoud\Desktop\JAVA\Assignments\DaikichiRoutes\Dai\src\test\resources
2024-06-23 14:04:42,893 [Worker-51: Building] INFO  o.a.m.s.f.DefaultMavenResourcesFiltering - Copying 1 resource from src\main\resources to target\classes
2024-06-23 14:04:42,899 [Worker-51: Building] INFO  o.a.m.s.f.DefaultMavenResourcesFiltering - Copying 0 resource from src\main\resources to target\classes
2024-06-23 14:04:42,902 [Worker-51: Building] INFO  o.a.m.s.f.DefaultMavenResourcesFiltering - skip non existing resourceDirectory C:\Users\Farhoud\Desktop\JAVA\Assignments\DaikichiRoutes\Dai\src\test\resources
2024-06-23 14:13:13,040 [Worker-55: Import Getting Started Content] INFO  o.e.m.c.i.l.LifecycleMappingFactory - Using org.maven.ide.eclipse.wtp.WarLifecycleMapping lifecycle mapping for MavenProject: com.example:Counter:0.0.1-SNAPSHOT @ C:\Users\Farhoud\Desktop\JAVA\Assignments\Hello_Human\Counter\pom.xml.
2024-06-23 14:13:13,571 [Worker-55: Import Getting Started Content] INFO  o.e.m.j.i.AbstractJavaProjectConfigurator - Adding source folder /Counter/src/main/java
2024-06-23 14:13:13,572 [Worker-55: Import Getting Started Content] INFO  o.e.m.j.i.AbstractJavaProjectConfigurator - Adding resource folder /Counter/src/main/resources
2024-06-23 14:13:13,576 [Worker-55: Import Getting Started Content] INFO  o.e.m.j.i.AbstractJavaProjectConfigurator - Adding resource folder /Counter/src/main/resources
2024-06-23 14:13:13,580 [Worker-55: Import Getting Started Content] INFO  o.e.m.j.i.AbstractJavaProjectConfigurator - Adding source folder /Counter/src/test/java
2024-06-23 14:13:13,581 [Worker-55: Import Getting Started Content] INFO  o.e.m.j.i.AbstractJavaProjectConfigurator - Adding resource folder /Counter/src/test/resources
2024-06-23 14:13:14,126 [Worker-55: Import Getting Started Content] INFO  o.e.m.c.i.p.ProjectConfigurationManager - Imported and configured 1 project(s) in 1 sec
2024-06-23 14:13:14,135 [Worker-55: Import Getting Started Content] INFO  o.e.m.c.i.p.ProjectConfigurationManager - Update started
2024-06-23 14:13:14,770 [Worker-55: Import Getting Started Content] INFO  o.e.m.c.i.l.LifecycleMappingFactory - Using org.maven.ide.eclipse.wtp.WarLifecycleMapping lifecycle mapping for MavenProject: com.example:Counter:0.0.1-SNAPSHOT @ C:\Users\Farhoud\Desktop\JAVA\Assignments\Hello_Human\Counter\pom.xml.
2024-06-23 14:13:15,289 [Worker-55: Import Getting Started Content] INFO  o.e.m.j.i.AbstractJavaProjectConfigurator - Adding source folder /Counter/src/main/java
2024-06-23 14:13:15,289 [Worker-55: Import Getting Started Content] INFO  o.e.m.j.i.AbstractJavaProjectConfigurator - Adding resource folder /Counter/src/main/resources
2024-06-23 14:13:15,291 [Worker-55: Import Getting Started Content] INFO  o.e.m.j.i.AbstractJavaProjectConfigurator - Adding resource folder /Counter/src/main/resources
2024-06-23 14:13:15,291 [Worker-55: Import Getting Started Content] INFO  o.e.m.j.i.AbstractJavaProjectConfigurator - Adding source folder /Counter/src/test/java
2024-06-23 14:13:15,291 [Worker-55: Import Getting Started Content] INFO  o.e.m.j.i.AbstractJavaProjectConfigurator - Adding resource folder /Counter/src/test/resources
2024-06-23 14:13:15,618 [Worker-55: Import Getting Started Content] INFO  o.e.m.w.i.f.ResourceFilteringBuildParticipant - Cleaning filtered folder for Counter
2024-06-23 14:13:15,639 [Worker-55: Import Getting Started Content] INFO  o.e.m.c.i.p.ProjectConfigurationManager - Update completed for 1 poms: local refresh takes 0.00 sec, refresh facades takes 1.00 sec, update config takes 0.00 sec 
2024-06-23 14:13:15,962 [Worker-39: Building] INFO  o.a.m.s.f.DefaultMavenResourcesFiltering - Copying 1 resource from src\main\resources to target\classes
2024-06-23 14:13:15,985 [Worker-39: Building] INFO  o.a.m.s.f.DefaultMavenResourcesFiltering - Copying 0 resource from src\main\resources to target\classes
2024-06-23 14:13:15,989 [Worker-39: Building] INFO  o.a.m.s.f.DefaultMavenResourcesFiltering - skip non existing resourceDirectory C:\Users\Farhoud\Desktop\JAVA\Assignments\Hello_Human\Counter\src\test\resources
2024-06-23 14:13:15,990 [Worker-39: Building] INFO  o.e.m.w.i.f.ResourceFilteringBuildParticipant - Changed resources require a complete clean of filtered resources of Counter
2024-06-23 14:13:15,990 [Worker-39: Building] INFO  o.e.m.w.i.f.ResourceFilteringBuildParticipant - Executing resource filtering for Counter
